mode: atomic
github.com/p12s/concurrency-refactoring/main.go:29.13,36.2 5 0
github.com/p12s/concurrency-refactoring/main.go:40.58,46.30 5 0
github.com/p12s/concurrency-refactoring/main.go:50.2,50.30 1 0
github.com/p12s/concurrency-refactoring/main.go:53.2,55.30 2 0
github.com/p12s/concurrency-refactoring/main.go:59.2,59.15 1 0
github.com/p12s/concurrency-refactoring/main.go:46.30,48.3 1 0
github.com/p12s/concurrency-refactoring/main.go:50.30,52.3 1 0
github.com/p12s/concurrency-refactoring/main.go:55.30,57.3 1 0
github.com/p12s/concurrency-refactoring/main.go:62.85,64.33 2 0
github.com/p12s/concurrency-refactoring/main.go:75.2,75.17 1 0
github.com/p12s/concurrency-refactoring/main.go:64.33,68.34 3 0
github.com/p12s/concurrency-refactoring/main.go:68.34,73.4 1 0
github.com/p12s/concurrency-refactoring/main.go:78.81,79.22 1 0
github.com/p12s/concurrency-refactoring/main.go:79.22,81.3 1 0
github.com/p12s/concurrency-refactoring/main.go:84.48,88.34 3 0
github.com/p12s/concurrency-refactoring/main.go:92.2,92.15 1 0
github.com/p12s/concurrency-refactoring/main.go:88.34,90.3 1 0
github.com/p12s/concurrency-refactoring/main.go:95.52,104.2 3 0
github.com/p12s/concurrency-refactoring/main.go:108.34,113.30 4 0
github.com/p12s/concurrency-refactoring/main.go:117.2,117.30 1 0
github.com/p12s/concurrency-refactoring/main.go:120.2,122.30 2 0
github.com/p12s/concurrency-refactoring/main.go:113.30,115.3 1 0
github.com/p12s/concurrency-refactoring/main.go:117.30,119.3 1 0
github.com/p12s/concurrency-refactoring/main.go:122.30,124.3 1 0
github.com/p12s/concurrency-refactoring/main.go:127.31,131.16 3 0
github.com/p12s/concurrency-refactoring/main.go:135.2,136.16 2 0
github.com/p12s/concurrency-refactoring/main.go:139.2,140.16 2 0
github.com/p12s/concurrency-refactoring/main.go:131.16,133.3 1 0
github.com/p12s/concurrency-refactoring/main.go:136.16,138.3 1 0
github.com/p12s/concurrency-refactoring/main.go:143.64,144.22 1 0
github.com/p12s/concurrency-refactoring/main.go:144.22,146.3 1 0
